[18:32:54:361] Введите локальный IP адрес управляющего компьютера.
[18:32:54:400] Список локльных IP адресов:
192.168.0.100 - ваш компьютер
[18:32:54:474] Введите токен обсервера, токеном является уникальная строка для каждого обсервера(лучше всего использовать краткие название вроде: obs1, obs2, obs3)
[18:32:58:388] Token: obs1
[18:33:48:807] Введите локальный IP адрес управляющего компьютера.
[18:33:48:808] Список локльных IP адресов:
192.168.0.100 - ваш компьютер
[18:33:48:878] Token: obs1
GameState sended
CombatLog sended
[18:39:50:778] Введите локальный IP адрес управляющего компьютера.
[18:39:50:779] Список локльных IP адресов:
192.168.0.100 - ваш компьютер
[18:39:50:794] Token: obs1
[18:39:50:882] Парсер запущен!
GameState sended
GameState sended
Подключение потеряно!
[18:40:57:747] Парсер запущен!
Подключение потеряно!
[18:41:12:22] Парсер запущен!
Подключение потеряно!
[18:41:18:684] Парсер запущен!
Подключение потеряно!
[18:41:28:855] Парсер запущен!
Подключение потеряно!
[18:41:41:824] Парсер запущен!
Подключение потеряно!
[18:41:45:951] Парсер запущен!
Подключение потеряно!
[18:41:47:995] Парсер запущен!
Подключение потеряно!
[18:41:51:49] Парсер запущен!
Подключение потеряно!
[18:42:01:222] Парсер запущен!
Подключение потеряно!
[18:42:02:250] Парсер запущен!
Подключение потеряно!
[18:43:32:141] Введите локальный IP адрес управляющего компьютера.
[18:43:32:142] Список локльных IP адресов:
192.168.0.100 - ваш компьютер
[18:43:32:156] Token: obs1
[18:43:32:163] Парсер запущен!
[18:43:37:115] Введите локальный IP адрес управляющего компьютера.
[18:43:37:116] Список локльных IP адресов:
192.168.0.100 - ваш компьютер
[18:43:37:122] Token: obs1
[18:43:37:127] Парсер запущен!
GameState sended
Подключение потеряно!
[18:43:46:612] Парсер запущен!
Подключение потеряно!
